<?xml version="1.0" encoding="UTF-8"?>
<!-- Generated by org.testng.reporters.JUnitReportReporter -->
<testsuite hostname="DESKTOP-331CJC4" failures="0" tests="1" name="testCases.TC_AccountRegistrationTest" time="2.181" errors="0" timestamp="2025-04-10T13:22:49 IST" skipped="0">
  <testcase classname="testCases.TC_AccountRegistrationTest" name="verify_account_registration" time="2.181"/>
</testsuite> <!-- testCases.TC_AccountRegistrationTest -->
